JAVA_HOME environment variable is set to /opt/java/openjdk
CARBON_HOME environment variable is set to /home/wso2carbon/wso2am-3.0.0
Using Java memory options: -Xms256m -Xmx1024m
[2019-10-30 10:07:23,543]  INFO {org.wso2.config.mapper.ConfigParser} - Applying Configurations upon new Templates
[2019-10-30 10:07:23,546]  WARN {org.wso2.config.mapper.ConfigParser} - Overriding files in configuration directory /home/wso2carbon/wso2am-3.0.0
[2019-10-30 10:07:24,216]  INFO {org.wso2.config.mapper.ConfigParser} - Writing Metadata Entries...
andes [org.wso2.andes.wso2.internal.QpidBundleActivator] INFO : Setting BundleContext in PluginManager
[2019-10-30 10:07:32,344]  INFO - CarbonCoreActivator Starting WSO2 Carbon...
[2019-10-30 10:07:32,357]  INFO - CarbonCoreActivator Operating System : Linux 4.14.137+, amd64
[2019-10-30 10:07:32,357]  INFO - CarbonCoreActivator Java Home        : /opt/java/openjdk/jre
[2019-10-30 10:07:32,358]  INFO - CarbonCoreActivator Java Version     : 1.8.0_222
[2019-10-30 10:07:32,358]  INFO - CarbonCoreActivator Java VM          : OpenJDK 64-Bit Server VM 25.222-b10,AdoptOpenJDK
[2019-10-30 10:07:32,358]  INFO - CarbonCoreActivator Carbon Home      : /home/wso2carbon/wso2am-3.0.0
[2019-10-30 10:07:32,358]  INFO - CarbonCoreActivator Java Temp Dir    : /home/wso2carbon/wso2am-3.0.0/tmp
[2019-10-30 10:07:32,359]  INFO - CarbonCoreActivator User             : wso2carbon, en-US, GMT
[2019-10-30 10:07:32,523]  INFO - DefaultCryptoProviderComponent 'CryptoService.Secret' property has not been set. 'org.wso2.carbon.crypto.provider.SymmetricKeyInternalCryptoProvider' won't be registered as an internal crypto provider. Please set the secret if the provider needs to be registered.
[2019-10-30 10:07:33,001]  INFO - KafkaEventAdapterServiceDS Successfully deployed the Kafka output event adaptor service
[2019-10-30 10:07:33,198]  INFO - TemplateDeployerServiceTrackerDS Successfully deployed the execution manager tracker service
[2019-10-30 10:07:36,011]  INFO - ConsentManagerComponent ConsentManagerComponent is activated.
[2019-10-30 10:07:36,152]  INFO - BinaryDataReceiver Started Binary SSL Transport on port : 32561
[2019-10-30 10:07:36,153]  INFO - BinaryDataReceiver Started Binary TCP Transport on port : 32461
[2019-10-30 10:07:36,172]  INFO - DataBridgeDS Successfully deployed Agent Server 
[2019-10-30 10:07:37,082]  INFO - EmbeddedRegistryService Configured Registry in 207ms
[2019-10-30 10:07:37,149]  INFO - EmbeddedRegistryService Connected to mount at configregistry in 5ms
[2019-10-30 10:07:37,150]  INFO - EmbeddedRegistryService Connected to mount at govregistry in 6ms
[2019-10-30 10:07:37,276]  INFO - EmbeddedRegistryService Connected to mount at configregistry in 1ms
[2019-10-30 10:07:37,278]  INFO - EmbeddedRegistryService Connected to mount at govregistry in 3ms
[2019-10-30 10:07:37,836]  INFO - RegistryCoreServiceComponent Registry Mode    : READ-WRITE
[2019-10-30 10:07:38,217]  INFO - JmxReporterBuilder Creating JMX reporter for Metrics with domain 'org.wso2.carbon.metrics'
[2019-10-30 10:07:38,221]  INFO - AbstractReporter Started JMX reporter for Metrics
[2019-10-30 10:07:40,252]  INFO - SolrClient Default Embedded Solr Server Initialized
[2019-10-30 10:07:41,252]  INFO - UserStoreMgtDSComponent Carbon UserStoreMgtDSComponent activated successfully.
[2019-10-30 10:07:43,721]  INFO - UserStoreConfigurationDeployer User Store Configuration Deployer initiated.
[2019-10-30 10:07:43,722]  INFO - UserStoreConfigurationDeployer User Store Configuration Deployer initiated.
[2019-10-30 10:07:44,321]  INFO - WebsocketTransportSender WSS Sender started
[2019-10-30 10:07:44,327]  INFO - PassThroughHttpSender Initializing Pass-through HTTP/S Sender...
[2019-10-30 10:07:44,366]  INFO - PassThroughHttpSender Pass-through HTTP Sender started...
[2019-10-30 10:07:44,367]  INFO - PassThroughHttpSSLSender Initializing Pass-through HTTP/S Sender...
[2019-10-30 10:07:44,378]  INFO - ClientConnFactoryBuilder customSSLProfiles configuration is loaded from path: /home/wso2carbon/wso2am-3.0.0/repository/resources/security/sslprofiles.xml
[2019-10-30 10:07:44,379]  INFO - ClientConnFactoryBuilder HTTPS Loading custom SSL profiles for the HTTPS sender
[2019-10-30 10:07:44,384]  INFO - ClientConnFactoryBuilder HTTPS Custom SSL profiles initialized for 1 servers
[2019-10-30 10:07:44,385]  INFO - PassThroughHttpSSLSender Pass-through HTTPS Sender started...
[2019-10-30 10:07:44,389]  INFO - WebsocketTransportSender WS Sender started
[2019-10-30 10:07:44,413]  INFO - PassThroughHttpListener Initializing Pass-through HTTP/S Listener...
[2019-10-30 10:07:44,438]  INFO - PassThroughHttpMultiSSLListener Initializing Pass-through HTTP/S Listener...
[2019-10-30 10:07:44,448]  INFO - ServerConnFactoryBuilder SSLProfile configuration is loaded from path: /home/wso2carbon/wso2am-3.0.0/repository/resources/security/listenerprofiles.xml
[2019-10-30 10:07:46,084]  INFO - DeploymentInterceptor Deploying Axis2 service: I18nEmailMgtConfigService {super-tenant}
[2019-10-30 10:07:48,649]  INFO - DeploymentInterceptor Deploying Axis2 service: AccountCredentialMgtConfigService {super-tenant}
[2019-10-30 10:07:48,651]  INFO - DeploymentInterceptor Deploying Axis2 service: UserIdentityManagementAdminService {super-tenant}
[2019-10-30 10:07:48,653]  INFO - DeploymentInterceptor Deploying Axis2 service: UserInformationRecoveryService {super-tenant}
[2019-10-30 10:07:53,110]  INFO - CarbonServerManager Repository       : /home/wso2carbon/wso2am-3.0.0/repository/deployment/server/
[2019-10-30 10:07:53,116]  INFO - KafkaEventAdapterServiceHolder Kafka input event adaptor waiting for dependent configurations to load
[2019-10-30 10:07:53,134]  INFO - QueueManagerServiceDS Successfully created the queue manager service
[2019-10-30 10:07:53,140]  INFO - SubscriptionManagerServiceDS Successfully created the subscription manager service
[2019-10-30 10:07:54,846]  INFO - TenantLoadingConfig Using tenant lazy loading policy...
[2019-10-30 10:07:54,881]  INFO - PermissionUpdater Permission cache updated for tenant -1234
[2019-10-30 10:07:56,476]  WARN - ApplicationManagementServiceComponent Templates directory not found at /home/wso2carbon/wso2am-3.0.0/repository/resources/identity/authntemplates
[2019-10-30 10:07:59,015]  INFO - UserStoreMgtDSComponent Claim manager set for class org.wso2.carbon.user.core.common.DefaultRealm
[2019-10-30 10:07:59,018]  INFO - UserStoreMgtDSComponent Claim manager set for class org.wso2.carbon.user.core.jdbc.JDBCUserStoreManager
[2019-10-30 10:07:59,210]  INFO - SchemaBuilder XACML policy schema loaded successfully.
[2019-10-30 10:07:59,286]  INFO - OAuthServerConfiguration The default OAuth token issuer will be used. No custom token generator is set.
[2019-10-30 10:07:59,786]  INFO - OAuth2ServiceComponent PKCE Support enabled.
[2019-10-30 10:08:00,631]  INFO - SessionDataStore Thread pool size for temporary authentication context data delete task: 20
[2019-10-30 10:08:00,900]  WARN - IdentityEventServiceComponent Properties for default.notification.sender is not configured. This event handler will not be activated
[2019-10-30 10:08:06,759]  INFO - ServiceBusInitializer Starting ESB...
[2019-10-30 10:08:06,828]  INFO - ServiceBusInitializer Initializing Apache Synapse...
[2019-10-30 10:08:06,835]  INFO - SynapseControllerFactory Using Synapse home : /home/wso2carbon/wso2am-3.0.0/.
[2019-10-30 10:08:06,836]  INFO - SynapseControllerFactory Using synapse.xml location : /home/wso2carbon/wso2am-3.0.0/././repository/deployment/server/synapse-configs/default
[2019-10-30 10:08:06,837]  INFO - SynapseControllerFactory Using server name : localhost
[2019-10-30 10:08:06,844]  INFO - SynapseControllerFactory The timeout handler will run every : 15s
[2019-10-30 10:08:06,908]  INFO - Axis2SynapseController Initializing Synapse at : Wed Oct 30 10:08:06 GMT 2019
[2019-10-30 10:08:06,918]  INFO - CarbonSynapseController Loading the mediation configuration from the file system
[2019-10-30 10:08:06,922]  INFO - MultiXMLConfigurationBuilder Building synapse configuration from the synapse artifact repository at : ././repository/deployment/server/synapse-configs/default
[2019-10-30 10:08:06,923]  INFO - XMLConfigurationBuilder Generating the Synapse configuration model by parsing the XML configuration
[2019-10-30 10:08:07,085]  INFO - DependencyTracker Sequence : _auth_failure_handler_ was added to the Synapse configuration successfully
[2019-10-30 10:08:07,141]  INFO - DependencyTracker Sequence : _token_fault_ was added to the Synapse configuration successfully
[2019-10-30 10:08:07,147]  INFO - DependencyTracker Sequence : _build_ was added to the Synapse configuration successfully
[2019-10-30 10:08:07,185]  INFO - DependencyTracker Sequence : _threat_fault_ was added to the Synapse configuration successfully
[2019-10-30 10:08:07,186]  INFO - DependencyTracker Sequence : _production_key_error_ was added to the Synapse configuration successfully
[2019-10-30 10:08:07,384]  INFO - DependencyTracker Sequence : fault was added to the Synapse configuration successfully
[2019-10-30 10:08:07,387]  INFO - DependencyTracker Sequence : _graphql_failure_handler was added to the Synapse configuration successfully
[2019-10-30 10:08:07,389]  INFO - DependencyTracker Sequence : _resource_mismatch_handler_ was added to the Synapse configuration successfully
[2019-10-30 10:08:07,391]  INFO - DependencyTracker Sequence : outDispatchSeq was added to the Synapse configuration successfully
[2019-10-30 10:08:07,393]  INFO - DependencyTracker Sequence : _sandbox_key_error_ was added to the Synapse configuration successfully
[2019-10-30 10:08:07,424]  INFO - DependencyTracker Sequence : dispatchSeq was added to the Synapse configuration successfully
[2019-10-30 10:08:07,482]  INFO - DependencyTracker Sequence : _cors_request_handler_ was added to the Synapse configuration successfully
[2019-10-30 10:08:07,490]  INFO - DependencyTracker Sequence : _throttle_out_handler_ was added to the Synapse configuration successfully
[2019-10-30 10:08:07,542]  INFO - DependencyTracker Sequence : main was added to the Synapse configuration successfully
[2019-10-30 10:08:07,597]  INFO - DependencyTracker Proxy service : WorkflowCallbackService was added to the Synapse configuration successfully
[2019-10-30 10:08:07,645]  INFO - DependencyTracker API : _WSO2AMRevokeAPI_ was added to the Synapse configuration successfully
[2019-10-30 10:08:07,722]  INFO - DependencyTracker API : _WSO2AMTokenAPI_ was added to the Synapse configuration successfully
[2019-10-30 10:08:07,733]  INFO - DependencyTracker API : _WSO2AMUserInfoAPI_ was added to the Synapse configuration successfully
[2019-10-30 10:08:07,744]  INFO - DependencyTracker API : _WSO2AMAuthorizeAPI_ was added to the Synapse configuration successfully
[2019-10-30 10:08:07,778]  INFO - DependencyTracker API : _OpenService_ was added to the Synapse configuration successfully
[2019-10-30 10:08:07,782]  INFO - DependencyTracker Inbound Endpoint : SecureWebSocketEP was added to the Synapse configuration successfully
[2019-10-30 10:08:07,783]  INFO - DependencyTracker Inbound Endpoint : WebSocketInboundEndpoint was added to the Synapse configuration successfully
[2019-10-30 10:08:07,784]  INFO - SynapseConfigurationBuilder Loaded Synapse configuration from the artifact repository at : ././repository/deployment/server/synapse-configs/default
[2019-10-30 10:08:07,785]  INFO - DependencyTracker Local entry : SERVER_HOST was added to the Synapse configuration successfully
[2019-10-30 10:08:07,786]  INFO - DependencyTracker Local entry : SERVER_IP was added to the Synapse configuration successfully
[2019-10-30 10:08:07,790]  INFO - Axis2SynapseController Loading mediator extensions...
[2019-10-30 10:08:07,900]  INFO - DeploymentInterceptor Deploying Axis2 service: echo {super-tenant}
[2019-10-30 10:08:07,939]  INFO - DeploymentInterceptor Deploying Axis2 service: Version {super-tenant}
[2019-10-30 10:08:07,958]  INFO - EventStreamDeployer Stream definition is deployed successfully  : id_gov_notify_stream:1.0.0
[2019-10-30 10:08:07,960]  INFO - EventStreamDeployer Stream definition is deployed successfully  : org.wso2.apimgt.token.revocation.stream:1.0.0
[2019-10-30 10:08:07,962]  INFO - EventStreamDeployer Stream definition is deployed successfully  : org.wso2.blocking.request.stream:1.0.0
[2019-10-30 10:08:07,965]  INFO - EventStreamDeployer Stream definition is deployed successfully  : org.wso2.botDetectionData.request.stream:1.0.0
[2019-10-30 10:08:07,966]  INFO - EventStreamDeployer Stream definition is deployed successfully  : org.wso2.keytemplate.request.stream:1.0.0
[2019-10-30 10:08:07,967]  INFO - EventStreamDeployer Stream definition is deployed successfully  : org.wso2.throttle.globalThrottle.stream:1.0.0
[2019-10-30 10:08:07,969]  INFO - EventStreamDeployer Stream definition is deployed successfully  : org.wso2.throttle.globalThrottle.stream:1.1.0
[2019-10-30 10:08:07,971]  INFO - EventStreamDeployer Stream definition is deployed successfully  : org.wso2.throttle.processed.request.stream:1.0.0
[2019-10-30 10:08:07,974]  INFO - EventStreamDeployer Stream definition is deployed successfully  : org.wso2.throttle.request.stream:1.0.0
[2019-10-30 10:08:07,991]  INFO - EventJunction WSO2EventConsumer added to the junction. Stream:id_gov_notify_stream:1.0.0
[2019-10-30 10:08:07,995]  INFO - EventPublisherDeployer Event Publisher configuration successfully deployed and in active state : EmailPublisher
[2019-10-30 10:08:07,998]  INFO - EventJunction WSO2EventConsumer added to the junction. Stream:org.wso2.blocking.request.stream:1.0.0
[2019-10-30 10:08:08,030]  INFO - EventPublisherDeployer Event Publisher configuration successfully deployed and in active state : blockingEventJMSPublisher
[2019-10-30 10:08:08,032]  INFO - EventJunction WSO2EventConsumer added to the junction. Stream:org.wso2.throttle.globalThrottle.stream:1.0.0
[2019-10-30 10:08:08,033]  INFO - EventPublisherDeployer Event Publisher configuration successfully deployed and in active state : jmsEventPublisher
[2019-10-30 10:08:08,034]  INFO - EventJunction WSO2EventConsumer added to the junction. Stream:org.wso2.throttle.globalThrottle.stream:1.1.0
[2019-10-30 10:08:08,035]  INFO - EventPublisherDeployer Event Publisher configuration successfully deployed and in active state : jmsEventPublisher-1.0.0
[2019-10-30 10:08:08,036]  INFO - EventJunction WSO2EventConsumer added to the junction. Stream:org.wso2.keytemplate.request.stream:1.0.0
[2019-10-30 10:08:08,037]  INFO - EventPublisherDeployer Event Publisher configuration successfully deployed and in active state : keyTemplateEventPublisher
[2019-10-30 10:08:08,038]  INFO - EventJunction WSO2EventConsumer added to the junction. Stream:org.wso2.apimgt.token.revocation.stream:1.0.0
[2019-10-30 10:08:08,039]  INFO - EventPublisherDeployer Event Publisher configuration successfully deployed and in active state : tokenRevocationJMSPublisher
[2019-10-30 10:08:08,056]  INFO - InputAdapterRuntime Connecting receiver blockingWso2EventReceiver
[2019-10-30 10:08:08,057]  INFO - EventJunction Producer added to the junction. Stream:org.wso2.blocking.request.stream:1.0.0
[2019-10-30 10:08:08,058]  INFO - EventReceiverDeployer Event Receiver configuration successfully deployed and in active state: blockingWso2EventReceiver
[2019-10-30 10:08:08,059]  INFO - InputAdapterRuntime Connecting receiver keyTemplateWso2EventReceiver
[2019-10-30 10:08:08,060]  INFO - EventJunction Producer added to the junction. Stream:org.wso2.keytemplate.request.stream:1.0.0
[2019-10-30 10:08:08,061]  INFO - EventReceiverDeployer Event Receiver configuration successfully deployed and in active state: keyTemplateWso2EventReceiver
[2019-10-30 10:08:08,070]  INFO - InputAdapterRuntime Connecting receiver throttleEventReceiver
[2019-10-30 10:08:08,073]  INFO - EventJunction Producer added to the junction. Stream:org.wso2.throttle.request.stream:1.0.0
[2019-10-30 10:08:08,073]  INFO - EventReceiverDeployer Event Receiver configuration successfully deployed and in active state: throttleEventReceiver
[2019-10-30 10:08:08,075]  INFO - InputAdapterRuntime Connecting receiver throttleWSO2EventReceiver
[2019-10-30 10:08:08,075]  INFO - EventJunction Producer added to the junction. Stream:org.wso2.throttle.request.stream:1.0.0
[2019-10-30 10:08:08,076]  INFO - EventReceiverDeployer Event Receiver configuration successfully deployed and in active state: throttleWSO2EventReceiver
[2019-10-30 10:08:08,078]  INFO - InputAdapterRuntime Connecting receiver tokenRevocationWso2EventReceiver
[2019-10-30 10:08:08,078]  INFO - EventJunction Producer added to the junction. Stream:org.wso2.apimgt.token.revocation.stream:1.0.0
[2019-10-30 10:08:08,079]  INFO - EventReceiverDeployer Event Receiver configuration successfully deployed and in active state: tokenRevocationWso2EventReceiver
[2019-10-30 10:08:08,338]  INFO - EventJunction Producer added to the junction. Stream:org.wso2.throttle.processed.request.stream:1.0.0
[2019-10-30 10:08:08,340]  INFO - EventJunction Consumer added to the junction. Stream:org.wso2.throttle.request.stream:1.0.0
[2019-10-30 10:08:08,341]  INFO - EventProcessorDeployer Execution plan is deployed successfully and in active state  : requestPreProcessorExecutionPlan
[2019-10-30 10:08:08,408]  INFO - EventJunction Producer added to the junction. Stream:org.wso2.throttle.globalThrottle.stream:1.0.0
[2019-10-30 10:08:08,409]  INFO - EventJunction Consumer added to the junction. Stream:org.wso2.throttle.processed.request.stream:1.0.0
[2019-10-30 10:08:08,409]  INFO - EventProcessorDeployer Execution plan is deployed successfully and in active state  : carbon.super_app_10PerMin
[2019-10-30 10:08:08,451]  INFO - EventJunction Producer added to the junction. Stream:org.wso2.throttle.globalThrottle.stream:1.0.0
[2019-10-30 10:08:08,453]  INFO - EventJunction Consumer added to the junction. Stream:org.wso2.throttle.processed.request.stream:1.0.0
[2019-10-30 10:08:08,454]  INFO - EventProcessorDeployer Execution plan is deployed successfully and in active state  : carbon.super_app_20PerMin
[2019-10-30 10:08:08,496]  INFO - EventJunction Producer added to the junction. Stream:org.wso2.throttle.globalThrottle.stream:1.0.0
[2019-10-30 10:08:08,497]  INFO - EventJunction Consumer added to the junction. Stream:org.wso2.throttle.processed.request.stream:1.0.0
[2019-10-30 10:08:08,497]  INFO - EventProcessorDeployer Execution plan is deployed successfully and in active state  : carbon.super_app_50PerMin
[2019-10-30 10:08:08,544]  INFO - EventJunction Producer added to the junction. Stream:org.wso2.throttle.globalThrottle.stream:1.0.0
[2019-10-30 10:08:08,545]  INFO - EventJunction Consumer added to the junction. Stream:org.wso2.throttle.processed.request.stream:1.0.0
[2019-10-30 10:08:08,545]  INFO - EventProcessorDeployer Execution plan is deployed successfully and in active state  : carbon.super_resource_10KPerMin_default
[2019-10-30 10:08:08,592]  INFO - EventJunction Producer added to the junction. Stream:org.wso2.throttle.globalThrottle.stream:1.0.0
[2019-10-30 10:08:08,593]  INFO - EventJunction Consumer added to the junction. Stream:org.wso2.throttle.processed.request.stream:1.0.0
[2019-10-30 10:08:08,593]  INFO - EventProcessorDeployer Execution plan is deployed successfully and in active state  : carbon.super_resource_20KPerMin_default
[2019-10-30 10:08:08,636]  INFO - EventJunction Producer added to the junction. Stream:org.wso2.throttle.globalThrottle.stream:1.0.0
[2019-10-30 10:08:08,637]  INFO - EventJunction Consumer added to the junction. Stream:org.wso2.throttle.processed.request.stream:1.0.0
[2019-10-30 10:08:08,637]  INFO - EventProcessorDeployer Execution plan is deployed successfully and in active state  : carbon.super_resource_50KPerMin_default
[2019-10-30 10:08:08,678]  INFO - EventJunction Producer added to the junction. Stream:org.wso2.throttle.globalThrottle.stream:1.0.0
[2019-10-30 10:08:08,679]  INFO - EventJunction Consumer added to the junction. Stream:org.wso2.throttle.processed.request.stream:1.0.0
[2019-10-30 10:08:08,680]  INFO - EventProcessorDeployer Execution plan is deployed successfully and in active state  : carbon.super_sub_Bronze
[2019-10-30 10:08:08,764]  INFO - EventJunction Producer added to the junction. Stream:org.wso2.throttle.globalThrottle.stream:1.0.0
[2019-10-30 10:08:08,765]  INFO - EventJunction Consumer added to the junction. Stream:org.wso2.throttle.processed.request.stream:1.0.0
[2019-10-30 10:08:08,765]  INFO - EventProcessorDeployer Execution plan is deployed successfully and in active state  : carbon.super_sub_Gold
[2019-10-30 10:08:08,806]  INFO - EventJunction Producer added to the junction. Stream:org.wso2.throttle.globalThrottle.stream:1.0.0
[2019-10-30 10:08:08,807]  INFO - EventJunction Consumer added to the junction. Stream:org.wso2.throttle.processed.request.stream:1.0.0
[2019-10-30 10:08:08,808]  INFO - EventProcessorDeployer Execution plan is deployed successfully and in active state  : carbon.super_sub_Silver
[2019-10-30 10:08:08,848]  INFO - EventJunction Producer added to the junction. Stream:org.wso2.throttle.globalThrottle.stream:1.0.0
[2019-10-30 10:08:08,849]  INFO - EventJunction Consumer added to the junction. Stream:org.wso2.throttle.processed.request.stream:1.0.0
[2019-10-30 10:08:08,849]  INFO - EventProcessorDeployer Execution plan is deployed successfully and in active state  : carbon.super_sub_Unauthenticated
[2019-10-30 10:08:11,621]  INFO - TomcatGenericWebappsDeployer Deployed webapp: StandardEngine[Catalina].StandardHost[localhost].StandardContext[/accountrecoveryendpoint].File[/home/wso2carbon/wso2am-3.0.0/repository/deployment/server/webapps/accountrecoveryendpoint]
[2019-10-30 10:08:12,902]  INFO - TomcatGenericWebappsDeployer Deployed webapp: StandardEngine[Catalina].StandardHost[localhost].StandardContext[/am/sample/calculator/v1].File[/home/wso2carbon/wso2am-3.0.0/repository/deployment/server/webapps/am#sample#calculator#v1.war]
[2019-10-30 10:08:13,760]  INFO - TomcatGenericWebappsDeployer Deployed webapp: StandardEngine[Catalina].StandardHost[localhost].StandardContext[/am/sample/pizzashack/v1].File[/home/wso2carbon/wso2am-3.0.0/repository/deployment/server/webapps/am#sample#pizzashack#v1.war]
[2019-10-30 10:08:15,813]  INFO - TomcatGenericWebappsDeployer Deployed webapp: StandardEngine[Catalina].StandardHost[localhost].StandardContext[/api/am/admin/v0.15].File[/home/wso2carbon/wso2am-3.0.0/repository/deployment/server/webapps/api#am#admin#v0.15.war]
[2019-10-30 10:08:17,324]  INFO - TomcatGenericWebappsDeployer Deployed webapp: StandardEngine[Catalina].StandardHost[localhost].StandardContext[/api/am/publisher/v0.15].File[/home/wso2carbon/wso2am-3.0.0/repository/deployment/server/webapps/api#am#publisher#v0.15.war]
[2019-10-30 10:08:20,156]  INFO - TomcatGenericWebappsDeployer Deployed webapp: StandardEngine[Catalina].StandardHost[localhost].StandardContext[/api/am/publisher/v1.0].File[/home/wso2carbon/wso2am-3.0.0/repository/deployment/server/webapps/api#am#publisher#v1.0.war]
[2019-10-30 10:08:21,776]  INFO - TomcatGenericWebappsDeployer Deployed webapp: StandardEngine[Catalina].StandardHost[localhost].StandardContext[/api/am/store/v0.15].File[/home/wso2carbon/wso2am-3.0.0/repository/deployment/server/webapps/api#am#store#v0.15.war]
[2019-10-30 10:08:23,446]  INFO - TomcatGenericWebappsDeployer Deployed webapp: StandardEngine[Catalina].StandardHost[localhost].StandardContext[/api/am/store/v1.0].File[/home/wso2carbon/wso2am-3.0.0/repository/deployment/server/webapps/api#am#store#v1.0.war]
[2019-10-30 10:08:24,566]  INFO - TomcatGenericWebappsDeployer Deployed webapp: StandardEngine[Catalina].StandardHost[localhost].StandardContext[/api/identity/consent-mgt/v1.0].File[/home/wso2carbon/wso2am-3.0.0/repository/deployment/server/webapps/api#identity#consent-mgt#v1.0.war]
[2019-10-30 10:08:26,074]  INFO - TomcatGenericWebappsDeployer Deployed webapp: StandardEngine[Catalina].StandardHost[localhost].StandardContext[/api/identity/recovery/v0.9].File[/home/wso2carbon/wso2am-3.0.0/repository/deployment/server/webapps/api#identity#recovery#v0.9.war]
[2019-10-30 10:08:27,179]  INFO - TomcatGenericWebappsDeployer Deployed webapp: StandardEngine[Catalina].StandardHost[localhost].StandardContext[/api/identity/user/v1.0].File[/home/wso2carbon/wso2am-3.0.0/repository/deployment/server/webapps/api#identity#user#v1.0.war]
[2019-10-30 10:08:27,314]  INFO - TenantDataManager EndpointConfig.properties file loaded from ./repository/conf/identity/EndpointConfig.properties
[2019-10-30 10:08:27,318]  INFO - MutualSSLManager EndpointConfig.properties file loaded from ./repository/conf/identity/EndpointConfig.properties
[2019-10-30 10:08:27,362]  INFO - EndpointConfigManager EndpointConfig.properties file loaded from ./repository/conf/identity/EndpointConfig.properties
[2019-10-30 10:08:29,938]  INFO - TomcatGenericWebappsDeployer Deployed webapp: StandardEngine[Catalina].StandardHost[localhost].StandardContext[/authenticationendpoint].File[/home/wso2carbon/wso2am-3.0.0/repository/deployment/server/webapps/authenticationendpoint]
[2019-10-30 10:08:31,474]  INFO - TomcatGenericWebappsDeployer Deployed webapp: StandardEngine[Catalina].StandardHost[localhost].StandardContext[/client-registration/v0.15].File[/home/wso2carbon/wso2am-3.0.0/repository/deployment/server/webapps/client-registration#v0.15.war]
[2019-10-30 10:08:33,117]  INFO - CarbonEventManagementService Starting polling event receivers
[2019-10-30 10:08:33,582]  INFO - TomcatGenericWebappsDeployer Deployed webapp: StandardEngine[Catalina].StandardHost[localhost].StandardContext[/oauth2].File[/home/wso2carbon/wso2am-3.0.0/repository/deployment/server/webapps/oauth2.war]
[2019-10-30 10:08:34,970]  INFO - TomcatGenericWebappsDeployer Deployed webapp: StandardEngine[Catalina].StandardHost[localhost].StandardContext[/throttle/data/v1].File[/home/wso2carbon/wso2am-3.0.0/repository/deployment/server/webapps/throttle#data#v1.war]
[2019-10-30 10:08:36,167]  INFO - Axis2SynapseController Deploying the Synapse service...
[2019-10-30 10:08:36,169]  INFO - Axis2SynapseController Deploying Proxy services...
[2019-10-30 10:08:36,170]  INFO - ProxyService Building Axis service for Proxy service : WorkflowCallbackService
[2019-10-30 10:08:36,181]  INFO - ProxyService Adding service WorkflowCallbackService to the Axis2 configuration
[2019-10-30 10:08:36,185]  INFO - DeploymentInterceptor Deploying Axis2 service: WorkflowCallbackService {super-tenant}
[2019-10-30 10:08:36,186]  INFO - ProxyService Successfully created the Axis2 service for Proxy service : WorkflowCallbackService
[2019-10-30 10:08:36,187]  INFO - Axis2SynapseController Deployed Proxy service : WorkflowCallbackService
[2019-10-30 10:08:36,188]  INFO - Axis2SynapseController Deploying EventSources...
[2019-10-30 10:08:36,294]  INFO - InboundEndpoint Initializing Inbound Endpoint: WebSocketInboundEndpoint
[2019-10-30 10:08:36,575]  INFO - InboundEndpointsDataStore Inbound endpoint registry data not found, so re-initializing registry data
[2019-10-30 10:08:37,080]  INFO - WebsocketEndpointManager Netty Listener starting on port 31949
[2019-10-30 10:08:37,081]  INFO - InboundEndpoint Initializing Inbound Endpoint: SecureWebSocketEP
[2019-10-30 10:08:37,112]  INFO - WebsocketEndpointManager Netty SSL Listener starting on port 30949
[2019-10-30 10:08:37,114]  INFO - API Initializing API: _WSO2AMAuthorizeAPI_
[2019-10-30 10:08:37,114]  INFO - API Initializing API: _WSO2AMUserInfoAPI_
[2019-10-30 10:08:37,115]  INFO - API Initializing API: _OpenService_
[2019-10-30 10:08:37,115]  INFO - API Initializing API: _WSO2AMRevokeAPI_
[2019-10-30 10:08:37,116]  INFO - API Initializing API: _WSO2AMTokenAPI_
[2019-10-30 10:08:37,116]  INFO - ServerManager Server ready for processing...
[2019-10-30 10:08:37,144]  INFO - DataBridge user admin connected
[2019-10-30 10:08:38,875]  INFO - WebsocketEndpointManager Netty Listener already started on port 30949
[2019-10-30 10:08:38,875]  INFO - WebsocketEndpointManager Netty Listener already started on port 31949
[2019-10-30 10:08:39,007]  INFO - QpidServiceComponent Activating Andes Message Broker Engine...
[Broker] BRK-1001 : Startup : Version: 0.11 Build: 90784:90849
[Broker] MNG-1001 : Startup
[Broker] MNG-1004 : Ready : Using the platform JMX Agent
[Broker] BRK-1002 : Starting : Listening on TCP port 28522
[2019-10-30 10:08:39,645]  INFO - listening [Broker] BRK-1002 : Starting : Listening on TCP port 28522
[Broker] BRK-1002 : Starting : Listening on TCP/SSL port 31522
[2019-10-30 10:08:39,650]  INFO - listening [Broker] BRK-1002 : Starting : Listening on TCP/SSL port 31522
[Broker] BRK-1004 : Qpid Broker Ready
[Broker] [vh(/carbon)/qu(deadletterchannel)] QUE-1001 : Create : Owner: admin Durable
[2019-10-30 10:08:39,735]  INFO - QpidServiceComponent AMQP Host Address : 0.0.0.0 Port : 28522
[2019-10-30 10:08:39,736]  INFO - QpidServiceComponent Successfully connected to AMQP server on port 28522
[2019-10-30 10:08:39,737]  WARN - QpidServiceComponent MQTT Transport is disabled as per configuration.
[2019-10-30 10:08:39,737]  INFO - QpidServiceComponent WSO2 Message Broker is started.
[2019-10-30 10:08:39,821]  INFO - JMSConnectionFactory JMS ConnectionFactory : Siddhi-JMS-Consumer initialized
[2019-10-30 10:08:39,830]  INFO - JMSTransportHandler Starting jms topic consumer thread for the throttleData topic...
[2019-10-30 10:08:39,831]  INFO - JMSTransportHandler Starting jms topic consumer thread for the tokenRevocation topic...
[2019-10-30 10:08:40,295]  INFO - JMSListener Connection attempt: 1 for JMS Provider for listener: Siddhi-JMS-Consumer#tokenRevocation was successful!
[2019-10-30 10:08:40,297]  INFO - JMSListener Connection attempt: 1 for JMS Provider for listener: Siddhi-JMS-Consumer#throttleData was successful!
[2019-10-30 10:08:40,301]  INFO - JMSTaskManager Task manager for Siddhi-JMS-Consumer [re-]initialized
[2019-10-30 10:08:40,310]  INFO - JMSTaskManager Task manager for Siddhi-JMS-Consumer [re-]initialized
[2019-10-30 10:08:40,459]  WARN - JMSUtils Cannot locate destination : tokenRevocation
[2019-10-30 10:08:40,459]  WARN - JMSUtils Cannot locate destination : throttleData
[2019-10-30 10:08:40,513]  INFO - ThriftServerStartupObserver  Thrift Data Receiver is disabled.
[2019-10-30 10:08:40,516]  INFO - PassThroughHttpListener Starting Pass-through HTTP Listener...
[2019-10-30 10:08:40,536]  INFO - PassThroughListeningIOReactorManager Pass-through HTTP Listener started on 0.0.0.0:31130
[2019-10-30 10:08:40,538]  INFO - PassThroughHttpMultiSSLListener Starting Pass-through HTTPS Listener...
[2019-10-30 10:08:40,545]  INFO - PassThroughListeningIOReactorManager Pass-through HTTPS Listener started on 0.0.0.0:31093
[2019-10-30 10:08:41,120]  INFO - TaskServiceImpl Task service starting in STANDALONE mode...
[2019-10-30 10:08:41,196]  INFO - RegistryEventingServiceComponent Successfully Initialized Eventing on Registry
[2019-10-30 10:08:41,302]  INFO - JMSListener Started to listen on destination : throttleData of type topic for listener Siddhi-JMS-Consumer#throttleData
[2019-10-30 10:08:41,312]  INFO - JMSListener Started to listen on destination : tokenRevocation of type topic for listener Siddhi-JMS-Consumer#tokenRevocation
[2019-10-30 10:08:41,446]  INFO - JMXServerManager JMX Service URL  : service:jmx:rmi://localhost:33961/jndi/rmi://localhost:32849/jmxrmi
[2019-10-30 10:08:41,450]  INFO - StartupFinalizerServiceComponent Server           :  WSO2 API Manager-3.0.0
[2019-10-30 10:08:41,451]  INFO - StartupFinalizerServiceComponent WSO2 Carbon started in 78 sec
[2019-10-30 10:08:42,219]  INFO - CarbonUIServiceComponent Mgt Console URL  : https://35.238.26.194:32293/carbon/
[2019-10-30 10:08:42,220]  INFO - CarbonUIServiceComponent API Developer Portal Default Context : https://35.238.26.194:32293/devportal
[2019-10-30 10:08:42,220]  INFO - CarbonUIServiceComponent API Publisher Default Context : https://35.238.26.194:32293/publisher
[2019-10-30 10:11:51,733]  INFO - CarbonAuthenticationUtil 'admin@carbon.super [-1234]' logged in at [2019-10-30 10:11:51,732+0000]
[2019-10-30 10:11:52,995]  INFO - OAuthServerConfiguration An instance of org.wso2.carbon.apimgt.keymgt.issuers.APIMTokenIssuer is created for Identity OAuth token generation.
[2019-10-30 10:12:11,286]  WARN - OAuth2AuthzEndpoint No session state found for the received Session ID : 8a7314dc-998b-44f6-abae-5f7fe3a1d3c5
[2019-10-30 10:22:07,290]  INFO - CarbonAuthenticationUtil 'admin@carbon.super [-1234]' logged in at [2019-10-30 10:22:07,290+0000]
[2019-10-30 10:22:07,451]  INFO - CarbonAuthenticationUtil 'admin@carbon.super [-1234]' logged in at [2019-10-30 10:22:07,451+0000]
[2019-10-30 10:22:07,577]  INFO - CarbonAuthenticationUtil 'admin@carbon.super [-1234]' logged in at [2019-10-30 10:22:07,577+0000]
[2019-10-30 10:22:08,083]  WARN - LocalEntryAdmin No entry exists by the key : 08b05d0a-da9b-46f5-a1fc-c1223eb25688
[2019-10-30 10:22:08,198]  INFO - DependencyTracker Local entry : 08b05d0a-da9b-46f5-a1fc-c1223eb25688 was added to the Synapse configuration successfully
[2019-10-30 10:22:08,228]  INFO - CarbonAuthenticationUtil 'admin@carbon.super [-1234]' logged in at [2019-10-30 10:22:08,227+0000]
[2019-10-30 10:22:09,424]  INFO - DependencyTracker API : admin--PizzaShackAPI:v1.0.0 was added to the Synapse configuration successfully
[2019-10-30 10:22:09,426]  INFO - API Initializing API: admin--PizzaShackAPI:v1.0.0
[2019-10-30 10:22:09,455]  INFO - DataBridge user admin connected
[2019-10-30 10:22:10,070]  INFO - DependencyTracker Endpoint : PizzaShackAPI--v1.0.0_APIproductionEndpoint was added to the Synapse configuration successfully
[2019-10-30 10:22:10,147]  INFO - DependencyTracker Endpoint : PizzaShackAPI--v1.0.0_APIsandboxEndpoint was added to the Synapse configuration successfully
[2019-10-30 10:22:10,227]  INFO - CarbonAuthenticationUtil 'admin@carbon.super [-1234]' logged in at [2019-10-30 10:22:10,227+0000]
[2019-10-30 10:22:52,282] ERROR - GlobalThrowableMapper An unknown exception has been captured by the global exception mapper.
org.apache.catalina.connector.ClientAbortException: java.net.SocketTimeoutException
	at org.apache.catalina.connector.OutputBuffer.realWriteBytes(OutputBuffer.java:341) ~[tomcat_9.0.22.wso2v1.jar:?]
	at org.apache.catalina.connector.OutputBuffer.flushByteBuffer(OutputBuffer.java:766) ~[tomcat_9.0.22.wso2v1.jar:?]
	at org.apache.catalina.connector.OutputBuffer.append(OutputBuffer.java:671) ~[tomcat_9.0.22.wso2v1.jar:?]
	at org.apache.catalina.connector.OutputBuffer.writeBytes(OutputBuffer.java:376) ~[tomcat_9.0.22.wso2v1.jar:?]
	at org.apache.catalina.connector.OutputBuffer.write(OutputBuffer.java:354) ~[tomcat_9.0.22.wso2v1.jar:?]
	at org.apache.catalina.connector.CoyoteOutputStream.write(CoyoteOutputStream.java:96) ~[tomcat_9.0.22.wso2v1.jar:?]
	at org.apache.cxf.io.AbstractWrappedOutputStream.write(AbstractWrappedOutputStream.java:51) ~[cxf-core-3.2.8.jar:3.2.8]
	at org.apache.cxf.jaxrs.provider.StringTextProvider.writeTo(StringTextProvider.java:69) ~[cxf-rt-frontend-jaxrs-3.2.8.jar:3.2.8]
	at org.apache.cxf.jaxrs.provider.StringTextProvider.writeTo(StringTextProvider.java:36) ~[cxf-rt-frontend-jaxrs-3.2.8.jar:3.2.8]
	at org.apache.cxf.jaxrs.utils.JAXRSUtils.writeMessageBody(JAXRSUtils.java:1434) ~[cxf-rt-frontend-jaxrs-3.2.8.jar:3.2.8]
	at org.apache.cxf.jaxrs.interceptor.JAXRSOutInterceptor.serializeMessage(JAXRSOutInterceptor.java:246) [cxf-rt-frontend-jaxrs-3.2.8.jar:3.2.8]
	at org.apache.cxf.jaxrs.interceptor.JAXRSOutInterceptor.processResponse(JAXRSOutInterceptor.java:122) [cxf-rt-frontend-jaxrs-3.2.8.jar:3.2.8]
	at org.apache.cxf.jaxrs.interceptor.JAXRSOutInterceptor.handleMessage(JAXRSOutInterceptor.java:84) [cxf-rt-frontend-jaxrs-3.2.8.jar:3.2.8]
	at org.apache.cxf.phase.PhaseInterceptorChain.doIntercept(PhaseInterceptorChain.java:308) [cxf-core-3.2.8.jar:3.2.8]
	at org.apache.cxf.interceptor.OutgoingChainInterceptor.handleMessage(OutgoingChainInterceptor.java:90) [cxf-core-3.2.8.jar:3.2.8]
	at org.apache.cxf.phase.PhaseInterceptorChain.doIntercept(PhaseInterceptorChain.java:308) [cxf-core-3.2.8.jar:3.2.8]
	at org.apache.cxf.transport.ChainInitiationObserver.onMessage(ChainInitiationObserver.java:121) [cxf-core-3.2.8.jar:3.2.8]
	at org.apache.cxf.transport.http.AbstractHTTPDestination.invoke(AbstractHTTPDestination.java:267) [cxf-rt-transports-http-3.2.8.jar:3.2.8]
	at org.apache.cxf.transport.servlet.ServletController.invokeDestination(ServletController.java:234) [cxf-rt-transports-http-3.2.8.jar:3.2.8]
	at org.apache.cxf.transport.servlet.ServletController.invoke(ServletController.java:208) [cxf-rt-transports-http-3.2.8.jar:3.2.8]
	at org.apache.cxf.transport.servlet.ServletController.invoke(ServletController.java:160) [cxf-rt-transports-http-3.2.8.jar:3.2.8]
	at org.apache.cxf.transport.servlet.CXFNonSpringServlet.invoke(CXFNonSpringServlet.java:216) [cxf-rt-transports-http-3.2.8.jar:3.2.8]
	at org.apache.cxf.transport.servlet.AbstractHTTPServlet.handleRequest(AbstractHTTPServlet.java:301) [cxf-rt-transports-http-3.2.8.jar:3.2.8]
	at org.apache.cxf.transport.servlet.AbstractHTTPServlet.doGet(AbstractHTTPServlet.java:225) [cxf-rt-transports-http-3.2.8.jar:3.2.8]
	at javax.servlet.http.HttpServlet.service(HttpServlet.java:634) [tomcat-servlet-api_9.0.22.wso2v1.jar:?]
	at org.apache.cxf.transport.servlet.AbstractHTTPServlet.service(AbstractHTTPServlet.java:276) [cxf-rt-transports-http-3.2.8.jar:3.2.8]
	at org.apache.catalina.core.ApplicationFilterChain.internalDoFilter(ApplicationFilterChain.java:231) [tomcat_9.0.22.wso2v1.jar:?]
	at org.apache.catalina.core.ApplicationFilterChain.doFilter(ApplicationFilterChain.java:166) [tomcat_9.0.22.wso2v1.jar:?]
	at org.apache.tomcat.websocket.server.WsFilter.doFilter(WsFilter.java:53) [tomcat_9.0.22.wso2v1.jar:?]
	at org.apache.catalina.core.ApplicationFilterChain.internalDoFilter(ApplicationFilterChain.java:193) [tomcat_9.0.22.wso2v1.jar:?]
	at org.apache.catalina.core.ApplicationFilterChain.doFilter(ApplicationFilterChain.java:166) [tomcat_9.0.22.wso2v1.jar:?]
	at org.apache.catalina.core.StandardWrapperValve.invoke(StandardWrapperValve.java:202) [tomcat_9.0.22.wso2v1.jar:?]
	at org.apache.catalina.core.StandardContextValve.invoke(StandardContextValve.java:96) [tomcat_9.0.22.wso2v1.jar:?]
	at org.apache.catalina.authenticator.AuthenticatorBase.invoke(AuthenticatorBase.java:490) [tomcat_9.0.22.wso2v1.jar:?]
	at org.apache.catalina.core.StandardHostValve.invoke(StandardHostValve.java:139) [tomcat_9.0.22.wso2v1.jar:?]
	at org.apache.catalina.valves.ErrorReportValve.invoke(ErrorReportValve.java:92) [tomcat_9.0.22.wso2v1.jar:?]
	at org.wso2.carbon.identity.context.rewrite.valve.TenantContextRewriteValve.invoke(TenantContextRewriteValve.java:80) [org.wso2.carbon.identity.context.rewrite.valve_1.3.6.jar:?]
	at org.wso2.carbon.identity.authz.valve.AuthorizationValve.invoke(AuthorizationValve.java:100) [org.wso2.carbon.identity.authz.valve_1.3.6.jar:?]
	at org.wso2.carbon.identity.auth.valve.AuthenticationValve.invoke(AuthenticationValve.java:74) [org.wso2.carbon.identity.auth.valve_1.3.6.jar:?]
	at org.wso2.carbon.tomcat.ext.valves.CompositeValve.continueInvocation(CompositeValve.java:99) [org.wso2.carbon.tomcat.ext_4.5.1.jar:?]
	at org.wso2.carbon.tomcat.ext.valves.TomcatValveContainer.invokeValves(TomcatValveContainer.java:49) [org.wso2.carbon.tomcat.ext_4.5.1.jar:?]
	at org.wso2.carbon.tomcat.ext.valves.CompositeValve.invoke(CompositeValve.java:62) [org.wso2.carbon.tomcat.ext_4.5.1.jar:?]
	at org.wso2.carbon.tomcat.ext.valves.CarbonStuckThreadDetectionValve.invoke(CarbonStuckThreadDetectionValve.java:146) [org.wso2.carbon.tomcat.ext_4.5.1.jar:?]
	at org.apache.catalina.valves.AbstractAccessLogValve.invoke(AbstractAccessLogValve.java:678) [tomcat_9.0.22.wso2v1.jar:?]
	at org.wso2.carbon.tomcat.ext.valves.CarbonContextCreatorValve.invoke(CarbonContextCreatorValve.java:57) [org.wso2.carbon.tomcat.ext_4.5.1.jar:?]
	at org.wso2.carbon.tomcat.ext.valves.RequestCorrelationIdValve.invoke(RequestCorrelationIdValve.java:116) [org.wso2.carbon.tomcat.ext_4.5.1.jar:?]
	at org.apache.catalina.core.StandardEngineValve.invoke(StandardEngineValve.java:74) [tomcat_9.0.22.wso2v1.jar:?]
	at org.apache.catalina.connector.CoyoteAdapter.service(CoyoteAdapter.java:343) [tomcat_9.0.22.wso2v1.jar:?]
	at org.apache.coyote.http11.Http11Processor.service(Http11Processor.java:408) [tomcat_9.0.22.wso2v1.jar:?]
	at org.apache.coyote.AbstractProcessorLight.process(AbstractProcessorLight.java:66) [tomcat_9.0.22.wso2v1.jar:?]
	at org.apache.coyote.AbstractProtocol$ConnectionHandler.process(AbstractProtocol.java:853) [tomcat_9.0.22.wso2v1.jar:?]
	at org.apache.tomcat.util.net.NioEndpoint$SocketProcessor.doRun(NioEndpoint.java:1587) [tomcat_9.0.22.wso2v1.jar:?]
	at org.apache.tomcat.util.net.SocketProcessorBase.run(SocketProcessorBase.java:49) [tomcat_9.0.22.wso2v1.jar:?]
	at java.util.concurrent.ThreadPoolExecutor.runWorker(ThreadPoolExecutor.java:1149) [?:1.8.0_222]
	at java.util.concurrent.ThreadPoolExecutor$Worker.run(ThreadPoolExecutor.java:624) [?:1.8.0_222]
	at org.apache.tomcat.util.threads.TaskThread$WrappingRunnable.run(TaskThread.java:61) [tomcat_9.0.22.wso2v1.jar:?]
	at java.lang.Thread.run(Thread.java:748) [?:1.8.0_222]
Caused by: java.net.SocketTimeoutException
	at org.apache.tomcat.util.net.NioBlockingSelector.write(NioBlockingSelector.java:134) ~[tomcat_9.0.22.wso2v1.jar:?]
	at org.apache.tomcat.util.net.NioSelectorPool.write(NioSelectorPool.java:152) ~[tomcat_9.0.22.wso2v1.jar:?]
	at org.apache.tomcat.util.net.NioEndpoint$NioSocketWrapper.doWrite(NioEndpoint.java:1261) ~[tomcat_9.0.22.wso2v1.jar:?]
	at org.apache.tomcat.util.net.SocketWrapperBase.doWrite(SocketWrapperBase.java:793) ~[tomcat_9.0.22.wso2v1.jar:?]
	at org.apache.tomcat.util.net.SocketWrapperBase.writeBlocking(SocketWrapperBase.java:563) ~[tomcat_9.0.22.wso2v1.jar:?]
	at org.apache.tomcat.util.net.SocketWrapperBase.write(SocketWrapperBase.java:501) ~[tomcat_9.0.22.wso2v1.jar:?]
	at org.apache.coyote.http11.Http11OutputBuffer$SocketOutputBuffer.doWrite(Http11OutputBuffer.java:538) ~[tomcat_9.0.22.wso2v1.jar:?]
	at org.apache.coyote.http11.filters.ChunkedOutputFilter.doWrite(ChunkedOutputFilter.java:112) ~[tomcat_9.0.22.wso2v1.jar:?]
	at org.apache.coyote.http11.Http11OutputBuffer.doWrite(Http11OutputBuffer.java:190) ~[tomcat_9.0.22.wso2v1.jar:?]
	at org.apache.coyote.Response.doWrite(Response.java:599) ~[tomcat_9.0.22.wso2v1.jar:?]
	at org.apache.catalina.connector.OutputBuffer.realWriteBytes(OutputBuffer.java:329) ~[tomcat_9.0.22.wso2v1.jar:?]
	... 56 more
[2019-10-30 10:30:02,837]  INFO - CarbonAuthenticationUtil 'admin@carbon.super [-1234]' logged in at [2019-10-30 10:30:02,836+0000]
[2019-10-30 10:30:03,118]  WARN - AccessConfiguration Error loading properties from file: access-log.properties
[2019-10-30 10:30:03,125]  WARN - MiscellaneousUtil Error loading properties from a file at from the System defined location: access-log.properties
[2019-10-30 10:30:03,129]  WARN - MiscellaneousUtil Error loading properties from a file at from the System defined location: access-log.properties
[2019-10-30 10:30:03,194]  INFO - TimeoutHandler This engine will expire all callbacks after GLOBAL_TIMEOUT: 120 seconds, irrespective of the timeout action, after the specified or optional timeout
[2019-10-30 10:30:21,349]  WARN - SourceHandler I/O error: Received fatal alert: certificate_unknown
[2019-10-30 10:30:23,226]  INFO - DependencyTracker Local entry : gov:/apimgt/statistics/ga-config.xml was added to the Synapse configuration successfully
[2019-10-30 10:30:23,258]  WARN - ConnectCallback Connection refused or failed for : localhost/127.0.0.1:9443
[2019-10-30 10:30:23,270]  WARN - EndpointContext Endpoint : PizzaShackAPI--v1.0.0_APIproductionEndpoint with address https://localhost:9443/am/sample/pizzashack/v1/api/ will be marked SUSPENDED as it failed
[2019-10-30 10:30:23,271]  WARN - EndpointContext Suspending endpoint : PizzaShackAPI--v1.0.0_APIproductionEndpoint with address https://localhost:9443/am/sample/pizzashack/v1/api/ - current suspend duration is : 30000ms - Next retry after : Wed Oct 30 10:30:53 GMT 2019
[2019-10-30 10:30:23,272]  INFO - LogMediator STATUS = Executing default 'fault' sequence, ERROR_CODE = 101503, ERROR_MESSAGE = Error connecting to the back end
